<?xml version="1.0" encoding="UTF-8"?>
<testsuite xmlns:xsi="http://www.w3.org/2001/XMLSchema-instance" xsi:noNamespaceSchemaLocation="https://maven.apache.org/surefire/maven-surefire-plugin/xsd/surefire-test-report.xsd" name="ru.netology.stats.StatsServiceTest" time="0.095" tests="6" errors="0" skipped="0" failures="0">
  <properties>
[...]
</properties>
  <testcase name="shouldSum" classname="ru.netology.stats.StatsServiceTest" time="0.052"/>
  <testcase name="shouldCountMax" classname="ru.netology.stats.StatsServiceTest" time="0"/>
  <testcase name="shouldCountMin" classname="ru.netology.stats.StatsServiceTest" time="0"/>
  <testcase name="shouldFindMax" classname="ru.netology.stats.StatsServiceTest" time="0.001"/>
  <testcase name="shouldFindMin" classname="ru.netology.stats.StatsServiceTest" time="0"/>
  <testcase name="shouldFindAverage" classname="ru.netology.stats.StatsServiceTest" time="0.001"/>
</testsuite>